# JRE version: Java(TM) SE Runtime Environment (8.0_161-b12) (build 1.8.0_161-b12)
# Java VM: Java HotSpot(TM) 64-Bit Server VM (25.161-b12 mixed mode windows-amd64 compressed oops)
Heap:
 PSYoungGen      total 652800K, used 10973K [0x00000000d5580000, 0x00000000ffa80000, 0x0000000100000000)
  eden space 612352K, 1% used [0x00000000d5580000,0x00000000d6037458,0x00000000fab80000)
  from space 40448K, 0% used [0x00000000fab80000,0x00000000fab80000,0x00000000fd300000)
  to   space 37376K, 0% used [0x00000000fd600000,0x00000000fd600000,0x00000000ffa80000)
 ParOldGen       total 211456K, used 45246K [0x0000000080000000, 0x000000008ce80000, 0x00000000d5580000)
  object space 211456K, 21% used [0x0000000080000000,0x0000000082c2fa80,0x000000008ce80000)
 Metaspace       used 34005K, capacity 35126K, committed 35328K, reserved 1081344K
  class space    used 3836K, capacity 4259K, committed 4352K, reserved 1048576K
GC Heap History (10 events):
Event: 37.447 GC heap before
{Heap before GC invocations=14 (full 2):
 PSYoungGen      total 414720K, used 408579K [0x00000000d5580000, 0x00000000fd880000, 0x0000000100000000)
  eden space 395264K, 100% used [0x00000000d5580000,0x00000000ed780000,0x00000000ed780000)
  from space 19456K, 68% used [0x00000000ed780000,0x00000000ee480d38,0x00000000eea80000)
  to   space 44032K, 0% used [0x00000000fad80000,0x00000000fad80000,0x00000000fd880000)
 ParOldGen       total 222208K, used 89573K [0x0000000080000000, 0x000000008d900000, 0x00000000d5580000)
  object space 222208K, 40% used [0x0000000080000000,0x0000000085779458,0x000000008d900000)
 Metaspace       used 28268K, capacity 29088K, committed 29312K, reserved 1075200K
  class space    used 3134K, capacity 3407K, committed 3456K, reserved 1048576K
Event: 37.496 GC heap after
Heap after GC invocations=14 (full 2):
 PSYoungGen      total 544256K, used 22774K [0x00000000d5580000, 0x00000000fc400000, 0x0000000100000000)
  eden space 521216K, 0% used [0x00000000d5580000,0x00000000d5580000,0x00000000f5280000)
  from space 23040K, 98% used [0x00000000fad80000,0x00000000fc3bd8e0,0x00000000fc400000)
  to   space 43520K, 0% used [0x00000000f6f00000,0x00000000f6f00000,0x00000000f9980000)
 ParOldGen       total 222208K, used 97832K [0x0000000080000000, 0x000000008d900000, 0x00000000d5580000)
  object space 222208K, 44% used [0x0000000080000000,0x0000000085f8a2b0,0x000000008d900000)
 Metaspace       used 28268K, capacity 29088K, committed 29312K, reserved 1075200K
  class space    used 3134K, capacity 3407K, committed 3456K, reserved 1048576K
}
Event: 46.472 GC heap before
{Heap before GC invocations=15 (full 2):
 PSYoungGen      total 544256K, used 543990K [0x00000000d5580000, 0x00000000fc400000, 0x0000000100000000)
  eden space 521216K, 100% used [0x00000000d5580000,0x00000000f5280000,0x00000000f5280000)
  from space 23040K, 98% used [0x00000000fad80000,0x00000000fc3bd8e0,0x00000000fc400000)
  to   space 43520K, 0% used [0x00000000f6f00000,0x00000000f6f00000,0x00000000f9980000)
 ParOldGen       total 222208K, used 97832K [0x0000000080000000, 0x000000008d900000, 0x00000000d5580000)
  object space 222208K, 44% used [0x0000000080000000,0x0000000085f8a2b0,0x000000008d900000)
 Metaspace       used 29490K, capacity 30408K, committed 30592K, reserved 1077248K
  class space    used 3285K, capacity 3586K, committed 3712K, reserved 1048576K
Event: 46.498 GC heap after
Heap after GC invocations=15 (full 2):
 PSYoungGen      total 593920K, used 4687K [0x00000000d5580000, 0x0000000100000000, 0x0000000100000000)
  eden space 550400K, 0% used [0x00000000d5580000,0x00000000d5580000,0x00000000f6f00000)
  from space 43520K, 10% used [0x00000000f6f00000,0x00000000f7393c88,0x00000000f9980000)
  to   space 43008K, 0% used [0x00000000fd600000,0x00000000fd600000,0x0000000100000000)
 ParOldGen       total 222208K, used 110974K [0x0000000080000000, 0x000000008d900000, 0x00000000d5580000)
  object space 222208K, 49% used [0x0000000080000000,0x0000000086c5fb70,0x000000008d900000)
 Metaspace       used 29490K, capacity 30408K, committed 30592K, reserved 1077248K
  class space    used 3285K, capacity 3586K, committed 3712K, reserved 1048576K
}
Event: 59.019 GC heap before
{Heap before GC invocations=16 (full 2):
 PSYoungGen      total 593920K, used 555087K [0x00000000d5580000, 0x0000000100000000, 0x0000000100000000)
  eden space 550400K, 100% used [0x00000000d5580000,0x00000000f6f00000,0x00000000f6f00000)
  from space 43520K, 10% used [0x00000000f6f00000,0x00000000f7393c88,0x00000000f9980000)
  to   space 43008K, 0% used [0x00000000fd600000,0x00000000fd600000,0x0000000100000000)
 ParOldGen       total 222208K, used 110974K [0x0000000080000000, 0x000000008d900000, 0x00000000d5580000)
  object space 222208K, 49% used [0x0000000080000000,0x0000000086c5fb70,0x000000008d900000)
 Metaspace       used 33096K, capacity 34132K, committed 34304K, reserved 1079296K
  class space    used 3696K, capacity 4081K, committed 4096K, reserved 1048576K
Event: 59.043 GC heap after
Heap after GC invocations=16 (full 2):
 PSYoungGen      total 649728K, used 14625K [0x00000000d5580000, 0x00000000ffa80000, 0x0000000100000000)
  eden space 612352K, 0% used [0x00000000d5580000,0x00000000d5580000,0x00000000fab80000)
  from space 37376K, 39% used [0x00000000fd600000,0x00000000fe448748,0x00000000ffa80000)
  to   space 40448K, 0% used [0x00000000fab80000,0x00000000fab80000,0x00000000fd300000)
 ParOldGen       total 222208K, used 110982K [0x0000000080000000, 0x000000008d900000, 0x00000000d5580000)
  object space 222208K, 49% used [0x0000000080000000,0x0000000086c61b70,0x000000008d900000)
 Metaspace       used 33096K, capacity 34132K, committed 34304K, reserved 1079296K
  class space    used 3696K, capacity 4081K, committed 4096K, reserved 1048576K
}
Event: 61.614 GC heap before
{Heap before GC invocations=17 (full 2):
 PSYoungGen      total 649728K, used 113317K [0x00000000d5580000, 0x00000000ffa80000, 0x0000000100000000)
  eden space 612352K, 16% used [0x00000000d5580000,0x00000000db5e1020,0x00000000fab80000)
  from space 37376K, 39% used [0x00000000fd600000,0x00000000fe448748,0x00000000ffa80000)
  to   space 40448K, 0% used [0x00000000fab80000,0x00000000fab80000,0x00000000fd300000)
 ParOldGen       total 222208K, used 110982K [0x0000000080000000, 0x000000008d900000, 0x00000000d5580000)
  object space 222208K, 49% used [0x0000000080000000,0x0000000086c61b70,0x000000008d900000)
 Metaspace       used 33666K, capacity 34794K, committed 34944K, reserved 1079296K
  class space    used 3777K, capacity 4195K, committed 4224K, reserved 1048576K
Event: 61.627 GC heap after
Heap after GC invocations=17 (full 2):
 PSYoungGen      total 652800K, used 12098K [0x00000000d5580000, 0x00000000ffa80000, 0x0000000100000000)
  eden space 612352K, 0% used [0x00000000d5580000,0x00000000d5580000,0x00000000fab80000)
  from space 40448K, 29% used [0x00000000fab80000,0x00000000fb7509a0,0x00000000fd300000)
  to   space 37376K, 0% used [0x00000000fd600000,0x00000000fd600000,0x00000000ffa80000)
 ParOldGen       total 222208K, used 110990K [0x0000000080000000, 0x000000008d900000, 0x00000000d5580000)
  object space 222208K, 49% used [0x0000000080000000,0x0000000086c63b70,0x000000008d900000)
 Metaspace       used 33666K, capacity 34794K, committed 34944K, reserved 1079296K
  class space    used 3777K, capacity 4195K, committed 4224K, reserved 1048576K
}
Event: 61.627 GC heap before
{Heap before GC invocations=18 (full 3):
 PSYoungGen      total 652800K, used 12098K [0x00000000d5580000, 0x00000000ffa80000, 0x0000000100000000)
  eden space 612352K, 0% used [0x00000000d5580000,0x00000000d5580000,0x00000000fab80000)
  from space 40448K, 29% used [0x00000000fab80000,0x00000000fb7509a0,0x00000000fd300000)
  to   space 37376K, 0% used [0x00000000fd600000,0x00000000fd600000,0x00000000ffa80000)
 ParOldGen       total 222208K, used 110990K [0x0000000080000000, 0x000000008d900000, 0x00000000d5580000)
  object space 222208K, 49% used [0x0000000080000000,0x0000000086c63b70,0x000000008d900000)
 Metaspace       used 33666K, capacity 34794K, committed 34944K, reserved 1079296K
  class space    used 3777K, capacity 4195K, committed 4224K, reserved 1048576K
Event: 61.935 GC heap after
Heap after GC invocations=18 (full 3):
 PSYoungGen      total 652800K, used 0K [0x00000000d5580000, 0x00000000ffa80000, 0x0000000100000000)
  eden space 612352K, 0% used [0x00000000d5580000,0x00000000d5580000,0x00000000fab80000)
  from space 40448K, 0% used [0x00000000fab80000,0x00000000fab80000,0x00000000fd300000)
  to   space 37376K, 0% used [0x00000000fd600000,0x00000000fd600000,0x00000000ffa80000)
 ParOldGen       total 211456K, used 45246K [0x0000000080000000, 0x000000008ce80000, 0x00000000d5580000)
  object space 211456K, 21% used [0x0000000080000000,0x0000000082c2fa80,0x000000008ce80000)
 Metaspace       used 33666K, capacity 34794K, committed 34944K, reserved 1079296K
  class space    used 3777K, capacity 4195K, committed 4224K, reserved 1048576K
}

